Using pre-set license
Built from '2020.3/staging' branch; Version is '2020.3.8f1 (507919d4fff5) revision 5273881'; Using compiler version '192528614'; Build Type 'Release'
OS: 'Windows 10 Enterprise; OS build 18363.1679; Version 1909; 64bit' Language: 'en' Physical Memory: 16282 MB
BatchMode: 1, IsHumanControllingUs: 0, StartBugReporterOnCrash: 0, Is64bit: 1, IsPro: 0

 COMMAND LINE ARGUMENTS:
C:\Program Files\Unity\Hub\Editor\2020.3.8f1\Editor\Unity.exe
-adb2
-batchMode
-noUpm
-name
AssetImportWorker0
-projectPath
C:/Users/wardt4/Documents/School/SU 21/Maze Fighter
-logFile
Logs/AssetImportWorker0.log
-srvPort
49220
Successfully changed project path to: C:/Users/wardt4/Documents/School/SU 21/Maze Fighter
C:/Users/wardt4/Documents/School/SU 21/Maze Fighter
Using Asset Import Pipeline V2.
Refreshing native plugins compatible for Editor in 33.62 ms, found 1 plugins.
Preloading 0 native plugins for Editor in 0.00 ms.
Initialize engine version: 2020.3.8f1 (507919d4fff5)
[Subsystems] Discovering subsystems at path C:/Program Files/Unity/Hub/Editor/2020.3.8f1/Editor/Data/Resources/UnitySubsystems
[Subsystems] Discovering subsystems at path C:/Users/wardt4/Documents/School/SU 21/Maze Fighter/Assets
GfxDevice: creating device client; threaded=0
Direct3D:
    Version:  Direct3D 11.0 [level 11.1]
    Renderer: NVIDIA GeForce RTX 2070 with Max-Q Design (ID=0x1f10)
    Vendor:   
    VRAM:     8031 MB
    Driver:   26.21.14.3630
Initialize mono
Mono path[0] = 'C:/Program Files/Unity/Hub/Editor/2020.3.8f1/Editor/Data/Managed'
Mono path[1] = 'C:/Program Files/Unity/Hub/Editor/2020.3.8f1/Editor/Data/MonoBleedingEdge/lib/mono/unityjit'
Mono config path = 'C:/Program Files/Unity/Hub/Editor/2020.3.8f1/Editor/Data/MonoBleedingEdge/etc'
Using monoOptions --debugger-agent=transport=dt_socket,embedding=1,server=y,suspend=n,address=127.0.0.1:56104
Begin MonoManager ReloadAssembly
Registering precompiled unity dll's ...
Register platform support module: C:/Program Files/Unity/Hub/Editor/2020.3.8f1/Editor/Data/PlaybackEngines/WebGLSupport/UnityEditor.WebGL.Extensions.dll
Register platform support module: C:/Program Files/Unity/Hub/Editor/2020.3.8f1/Editor/Data/PlaybackEngines/WindowsStandaloneSupport/UnityEditor.WindowsStandalone.Extensions.dll
Registered in 0.002113 seconds.
Native extension for WindowsStandalone target not found
Native extension for WebGL target not found
Refreshing native plugins compatible for Editor in 31.69 ms, found 1 plugins.
Preloading 0 native plugins for Editor in 0.00 ms.
Mono: successfully reloaded assembly
- Completed reload, in  1.092 seconds
Platform modules already initialized, skipping
Registering precompiled user dll's ...
Registered in 0.001315 seconds.
Begin MonoManager ReloadAssembly
Native extension for WindowsStandalone target not found
Native extension for WebGL target not found
Refreshing native plugins compatible for Editor in 31.83 ms, found 1 plugins.
Preloading 0 native plugins for Editor in 0.00 ms.
Mono: successfully reloaded assembly
- Completed reload, in  0.828 seconds
Platform modules already initialized, skipping
========================================================================
Worker process is ready to serve import requests
Launched and connected shader compiler UnityShaderCompiler.exe after 0.06 seconds
Refreshing native plugins compatible for Editor in 0.32 ms, found 1 plugins.
Preloading 0 native plugins for Editor in 0.00 ms.
Unloading 1810 Unused Serialized files (Serialized files now loaded: 0)
System memory in use before: 85.0 MB.
System memory in use after: 84.9 MB.

Unloading 24 unused Assets to reduce memory usage. Loaded Objects now: 2252.
Total: 1.962500 ms (FindLiveObjects: 0.164200 ms CreateObjectMapping: 0.051300 ms MarkObjects: 1.633300 ms  DeleteObjects: 0.113000 ms)

========================================================================
Received Import Request.
  path: Assets/Sprites/StoneSprite.png
  artifactKey: Guid(f12831616a00f3047861c2515dc300f0) Importer(815301076,1909f56bfc062723c751e8b465ee728b)
Start importing Assets/Sprites/StoneSprite.png using Guid(f12831616a00f3047861c2515dc300f0) Importer(815301076,1909f56bfc062723c751e8b465ee728b)  -> (artifact id: '62691682036480441fe26bd1b9a10aba') in 0.138183 seconds
  Import took 0.141165 seconds .

========================================================================
Received Import Request.
  Time since last request: 0.000300 seconds.
  path: Assets/Sprites/LaserSprite.png
  artifactKey: Guid(467aa1433bac3a641a9e248538fb8627) Importer(815301076,1909f56bfc062723c751e8b465ee728b)
Start importing Assets/Sprites/LaserSprite.png using Guid(467aa1433bac3a641a9e248538fb8627) Importer(815301076,1909f56bfc062723c751e8b465ee728b)  -> (artifact id: 'ae2b9eeb9823370a7f2e0dfd5d3b883e') in 0.017166 seconds
  Import took 0.019856 seconds .

========================================================================
Received Import Request.
  Time since last request: 0.000344 seconds.
  path: Assets/Sprites/HealthSprite.png
  artifactKey: Guid(9367d445fda04254793256ed23360a80) Importer(815301076,1909f56bfc062723c751e8b465ee728b)
Start importing Assets/Sprites/HealthSprite.png using Guid(9367d445fda04254793256ed23360a80) Importer(815301076,1909f56bfc062723c751e8b465ee728b)  -> (artifact id: '07e4a471fe2eb34f9f96600afdb31e35') in 0.013122 seconds
  Import took 0.015646 seconds .

========================================================================
Received Import Request.
  Time since last request: 0.000228 seconds.
  path: Assets/Sprites/PlayerSprite_D.png
  artifactKey: Guid(22ab8d338b8f8814da55d1f83d902c35) Importer(815301076,1909f56bfc062723c751e8b465ee728b)
Start importing Assets/Sprites/PlayerSprite_D.png using Guid(22ab8d338b8f8814da55d1f83d902c35) Importer(815301076,1909f56bfc062723c751e8b465ee728b)  -> (artifact id: 'a2e0867604063c3c318a835c72c4341e') in 0.020009 seconds
  Import took 0.022585 seconds .

========================================================================
Received Import Request.
  Time since last request: 0.000256 seconds.
  path: Assets/Sprites/EnemySprite_D.png
  artifactKey: Guid(9d7fbc51a80c73e469ec20fb8e85430a) Importer(815301076,1909f56bfc062723c751e8b465ee728b)
Start importing Assets/Sprites/EnemySprite_D.png using Guid(9d7fbc51a80c73e469ec20fb8e85430a) Importer(815301076,1909f56bfc062723c751e8b465ee728b)  -> (artifact id: '9291f1523b37d99eb8293a10bb30cf4f') in 0.018579 seconds
  Import took 0.021199 seconds .

========================================================================
Received Import Request.
  Time since last request: 0.000269 seconds.
  path: Assets/Sprites/EnemySprite_L.png
  artifactKey: Guid(0cf8f304bc192b048834ff4c04fabd70) Importer(815301076,1909f56bfc062723c751e8b465ee728b)
Start importing Assets/Sprites/EnemySprite_L.png using Guid(0cf8f304bc192b048834ff4c04fabd70) Importer(815301076,1909f56bfc062723c751e8b465ee728b)  -> (artifact id: '683be28c1f84b5bc4b255a2ba26f0e20') in 0.012970 seconds
  Import took 0.015681 seconds .

========================================================================
Received Import Request.
  Time since last request: 0.000263 seconds.
  path: Assets/Sprites/PlayerSprite_L.png
  artifactKey: Guid(7957a0e53ecbf0e428cdf0752b0f11ef) Importer(815301076,1909f56bfc062723c751e8b465ee728b)
Start importing Assets/Sprites/PlayerSprite_L.png using Guid(7957a0e53ecbf0e428cdf0752b0f11ef) Importer(815301076,1909f56bfc062723c751e8b465ee728b)  -> (artifact id: '56b0cb01306443693a3a4f4b17a0e20b') in 0.015945 seconds
  Import took 0.019133 seconds .

========================================================================
Received Import Request.
  Time since last request: 0.000201 seconds.
  path: Assets/Sprites/PlayerSprite_U.png
  artifactKey: Guid(539d80ab2ac68b649865646275901c8c) Importer(815301076,1909f56bfc062723c751e8b465ee728b)
Start importing Assets/Sprites/PlayerSprite_U.png using Guid(539d80ab2ac68b649865646275901c8c) Importer(815301076,1909f56bfc062723c751e8b465ee728b)  -> (artifact id: '297c2c2846bf5fbae40d5dc1415a1355') in 0.015934 seconds
  Import took 0.018879 seconds .

========================================================================
Received Import Request.
  Time since last request: 0.000278 seconds.
  path: Assets/Sprites/EnemySprite_R.png
  artifactKey: Guid(dae632e9406d7074a8e7ccfcb38a984c) Importer(815301076,1909f56bfc062723c751e8b465ee728b)
Start importing Assets/Sprites/EnemySprite_R.png using Guid(dae632e9406d7074a8e7ccfcb38a984c) Importer(815301076,1909f56bfc062723c751e8b465ee728b)  -> (artifact id: '866277039ac1aef45ac8ad57698b3d27') in 0.016380 seconds
  Import took 0.018907 seconds .

========================================================================
Received Import Request.
  Time since last request: 0.000238 seconds.
  path: Assets/Sprites/PlayerSprite_R.png
  artifactKey: Guid(3be6529695c8fab488f65db32a80c071) Importer(815301076,1909f56bfc062723c751e8b465ee728b)
Start importing Assets/Sprites/PlayerSprite_R.png using Guid(3be6529695c8fab488f65db32a80c071) Importer(815301076,1909f56bfc062723c751e8b465ee728b)  -> (artifact id: '8eb88ef59bddad6edf577da4ecf62153') in 0.013652 seconds
  Import took 0.016593 seconds .

========================================================================
Received Import Request.
  Time since last request: 0.000217 seconds.
  path: Assets/Sprites/EnemySprite_R.png
  artifactKey: Guid(dae632e9406d7074a8e7ccfcb38a984c) Importer(815301076,1909f56bfc062723c751e8b465ee728b)
Start importing Assets/Sprites/EnemySprite_R.png using Guid(dae632e9406d7074a8e7ccfcb38a984c) Importer(815301076,1909f56bfc062723c751e8b465ee728b)  -> (artifact id: '866277039ac1aef45ac8ad57698b3d27') in 0.013622 seconds
  Import took 0.016198 seconds .

========================================================================
Received Import Request.
  Time since last request: 0.000371 seconds.
  path: Assets/Sprites/EnemySprite_U.png
  artifactKey: Guid(fb4e4ffef1ce7ab42bf8f0b70b854c4e) Importer(815301076,1909f56bfc062723c751e8b465ee728b)
Start importing Assets/Sprites/EnemySprite_U.png using Guid(fb4e4ffef1ce7ab42bf8f0b70b854c4e) Importer(815301076,1909f56bfc062723c751e8b465ee728b)  -> (artifact id: '1c19f022737dcfd26500e8f043bdc80e') in 0.015336 seconds
  Import took 0.018115 seconds .

========================================================================
Received Import Request.
  Time since last request: 51.401132 seconds.
  path: Assets/Sprites/PlayerSprite_D.png
  artifactKey: Guid(22ab8d338b8f8814da55d1f83d902c35) Importer(815301076,1909f56bfc062723c751e8b465ee728b)
Start importing Assets/Sprites/PlayerSprite_D.png using Guid(22ab8d338b8f8814da55d1f83d902c35) Importer(815301076,1909f56bfc062723c751e8b465ee728b)  -> (artifact id: '901aac20c7f220d5466756b8273e518d') in 0.019812 seconds
  Import took 0.023513 seconds .

========================================================================
Received Import Request.
  Time since last request: 6.881600 seconds.
  path: Assets/Sprites/PlayerSprite_L.png
  artifactKey: Guid(7957a0e53ecbf0e428cdf0752b0f11ef) Importer(815301076,1909f56bfc062723c751e8b465ee728b)
Start importing Assets/Sprites/PlayerSprite_L.png using Guid(7957a0e53ecbf0e428cdf0752b0f11ef) Importer(815301076,1909f56bfc062723c751e8b465ee728b)  -> (artifact id: '23cd6fa1eecbd28fd75fe79e0610ffef') in 0.016317 seconds
  Import took 0.019065 seconds .

========================================================================
Received Import Request.
  Time since last request: 7.931454 seconds.
  path: Assets/Sprites/PlayerSprite_R.png
  artifactKey: Guid(3be6529695c8fab488f65db32a80c071) Importer(815301076,1909f56bfc062723c751e8b465ee728b)
Start importing Assets/Sprites/PlayerSprite_R.png using Guid(3be6529695c8fab488f65db32a80c071) Importer(815301076,1909f56bfc062723c751e8b465ee728b)  -> (artifact id: '581142cdd9a082493b98a8cbd5b3ecf9') in 0.023264 seconds
  Import took 0.026000 seconds .

========================================================================
Received Import Request.
  Time since last request: 0.003220 seconds.
  path: Assets/Sprites/PlayerSprite_R.png
  artifactKey: Guid(3be6529695c8fab488f65db32a80c071) Importer(815301076,1909f56bfc062723c751e8b465ee728b)
Start importing Assets/Sprites/PlayerSprite_R.png using Guid(3be6529695c8fab488f65db32a80c071) Importer(815301076,1909f56bfc062723c751e8b465ee728b)  -> (artifact id: '581142cdd9a082493b98a8cbd5b3ecf9') in 0.015650 seconds
  Import took 0.019032 seconds .

========================================================================
Received Import Request.
  Time since last request: 9.940819 seconds.
  path: Assets/Sprites/PlayerSprite_U.png
  artifactKey: Guid(539d80ab2ac68b649865646275901c8c) Importer(815301076,1909f56bfc062723c751e8b465ee728b)
Start importing Assets/Sprites/PlayerSprite_U.png using Guid(539d80ab2ac68b649865646275901c8c) Importer(815301076,1909f56bfc062723c751e8b465ee728b)  -> (artifact id: '2e4e46bfd8d4cbbd0b28d64def7c1b8e') in 0.014861 seconds
  Import took 0.017705 seconds .

========================================================================
Received Import Request.
  Time since last request: 5.694663 seconds.
  path: Assets/Sprites/PlayerSprite_R.png
  artifactKey: Guid(3be6529695c8fab488f65db32a80c071) Importer(815301076,1909f56bfc062723c751e8b465ee728b)
Start importing Assets/Sprites/PlayerSprite_R.png using Guid(3be6529695c8fab488f65db32a80c071) Importer(815301076,1909f56bfc062723c751e8b465ee728b)  -> (artifact id: 'dd775a6641190141bf80853afe5a742b') in 0.015066 seconds
  Import took 0.018120 seconds .

========================================================================
Received Import Request.
  Time since last request: 4.836202 seconds.
  path: Assets/Sprites/PlayerSprite_L.png
  artifactKey: Guid(7957a0e53ecbf0e428cdf0752b0f11ef) Importer(815301076,1909f56bfc062723c751e8b465ee728b)
Start importing Assets/Sprites/PlayerSprite_L.png using Guid(7957a0e53ecbf0e428cdf0752b0f11ef) Importer(815301076,1909f56bfc062723c751e8b465ee728b)  -> (artifact id: '988a3b79be2ace92f51f1a8fe18edd65') in 0.018305 seconds
  Import took 0.021067 seconds .

========================================================================
Received Import Request.
  Time since last request: 6.341844 seconds.
  path: Assets/Sprites/PlayerSprite_D.png
  artifactKey: Guid(22ab8d338b8f8814da55d1f83d902c35) Importer(815301076,1909f56bfc062723c751e8b465ee728b)
Start importing Assets/Sprites/PlayerSprite_D.png using Guid(22ab8d338b8f8814da55d1f83d902c35) Importer(815301076,1909f56bfc062723c751e8b465ee728b)  -> (artifact id: '3c6ac9df596310205bfc8dd1f031c0d8') in 0.023283 seconds
  Import took 0.026187 seconds .

========================================================================
Received Import Request.
  Time since last request: 8.861138 seconds.
  path: Assets/Sprites/LaserSprite.png
  artifactKey: Guid(467aa1433bac3a641a9e248538fb8627) Importer(815301076,1909f56bfc062723c751e8b465ee728b)
Start importing Assets/Sprites/LaserSprite.png using Guid(467aa1433bac3a641a9e248538fb8627) Importer(815301076,1909f56bfc062723c751e8b465ee728b)  -> (artifact id: '07aca2a7f86eb9d393c25242c3e77ca6') in 0.014214 seconds
  Import took 0.017256 seconds .

========================================================================
Received Import Request.
  Time since last request: 11.453382 seconds.
  path: Assets/Sprites/HealthSprite.png
  artifactKey: Guid(9367d445fda04254793256ed23360a80) Importer(815301076,1909f56bfc062723c751e8b465ee728b)
Start importing Assets/Sprites/HealthSprite.png using Guid(9367d445fda04254793256ed23360a80) Importer(815301076,1909f56bfc062723c751e8b465ee728b)  -> (artifact id: '2218300ef6664b1ea16840c8188d11d1') in 0.016965 seconds
  Import took 0.019832 seconds .

========================================================================
Received Import Request.
  Time since last request: 13.020320 seconds.
  path: Assets/Sprites/EnemySprite_U.png
  artifactKey: Guid(fb4e4ffef1ce7ab42bf8f0b70b854c4e) Importer(815301076,1909f56bfc062723c751e8b465ee728b)
Start importing Assets/Sprites/EnemySprite_U.png using Guid(fb4e4ffef1ce7ab42bf8f0b70b854c4e) Importer(815301076,1909f56bfc062723c751e8b465ee728b)  -> (artifact id: 'fb675d77133aa581c759977d404fe03f') in 0.018133 seconds
  Import took 0.021991 seconds .

========================================================================
Received Import Request.
  Time since last request: 8.728651 seconds.
  path: Assets/Sprites/EnemySprite_R.png
  artifactKey: Guid(dae632e9406d7074a8e7ccfcb38a984c) Importer(815301076,1909f56bfc062723c751e8b465ee728b)
Start importing Assets/Sprites/EnemySprite_R.png using Guid(dae632e9406d7074a8e7ccfcb38a984c) Importer(815301076,1909f56bfc062723c751e8b465ee728b)  -> (artifact id: '71244afaab160f4d1377fba38c4cb84f') in 0.015874 seconds
  Import took 0.018976 seconds .

========================================================================
Received Import Request.
  Time since last request: 10.402131 seconds.
  path: Assets/Sprites/EnemySprite_L.png
  artifactKey: Guid(0cf8f304bc192b048834ff4c04fabd70) Importer(815301076,1909f56bfc062723c751e8b465ee728b)
Start importing Assets/Sprites/EnemySprite_L.png using Guid(0cf8f304bc192b048834ff4c04fabd70) Importer(815301076,1909f56bfc062723c751e8b465ee728b)  -> (artifact id: '1e45b461de48d8a5bd7cadef9c93fe78') in 0.022089 seconds
  Import took 0.025089 seconds .

========================================================================
Received Import Request.
  Time since last request: 10.225012 seconds.
  path: Assets/Sprites/EnemySprite_D.png
  artifactKey: Guid(9d7fbc51a80c73e469ec20fb8e85430a) Importer(815301076,1909f56bfc062723c751e8b465ee728b)
Start importing Assets/Sprites/EnemySprite_D.png using Guid(9d7fbc51a80c73e469ec20fb8e85430a) Importer(815301076,1909f56bfc062723c751e8b465ee728b)  -> (artifact id: 'b1f3dea778ce15e50889bf1e94917a92') in 0.024215 seconds
  Import took 0.028009 seconds .

========================================================================
Received Prepare
Registering precompiled user dll's ...
Registered in 0.001279 seconds.
Begin MonoManager ReloadAssembly
Native extension for WindowsStandalone target not found
Native extension for WebGL target not found
Refreshing native plugins compatible for Editor in 0.33 ms, found 1 plugins.
Preloading 0 native plugins for Editor in 0.00 ms.
Mono: successfully reloaded assembly
- Completed reload, in  0.720 seconds
Platform modules already initialized, skipping
Refreshing native plugins compatible for Editor in 0.29 ms, found 1 plugins.
Preloading 0 native plugins for Editor in 0.00 ms.
Unloading 1805 Unused Serialized files (Serialized files now loaded: 0)
System memory in use before: 88.0 MB.
System memory in use after: 88.0 MB.

Unloading 12 unused Assets to reduce memory usage. Loaded Objects now: 2264.
Total: 1.729800 ms (FindLiveObjects: 0.140300 ms CreateObjectMapping: 0.050100 ms MarkObjects: 1.413500 ms  DeleteObjects: 0.125200 ms)

AssetImportWorkerClient::OnTransportError - code=2 error=End of file
